<?xml version="1.0" encoding="UTF-8"?>
<testsuite name="com.bridgeLabz.UserRegistrationTest" tests="1" skipped="0" failures="0" errors="0" timestamp="2020-04-21T15:35:27" hostname="LAPTOP-4IU1M5UJ" time="0.003">
  <properties/>
  <testcase name="givenPassword_WhenValid_ShouldReturnTrue" classname="com.bridgeLabz.UserRegistrationTest" time="0.003"/>
  <system-out><![CDATA[]]></system-out>
  <system-err><![CDATA[]]></system-err>
</testsuite>
