<?xml version="1.0" encoding="UTF-8"?>
<testsuite name="com.bridgeLabz.UserRegistrationTest" tests="10" skipped="0" failures="0" errors="0" timestamp="2020-04-21T16:56:03" hostname="LAPTOP-4IU1M5UJ" time="0.009">
  <properties/>
  <testcase name="givenLastName_WhenValid_ShouldReturnTrue" classname="com.bridgeLabz.UserRegistrationTest" time="0.003"/>
  <testcase name="givenPassword_WhenNotValid_ShouldReturnFalse" classname="com.bridgeLabz.UserRegistrationTest" time="0.001"/>
  <testcase name="givenFirstName_WhenNotValid_ShouldReturnFalse" classname="com.bridgeLabz.UserRegistrationTest" time="0.0"/>
  <testcase name="givenEmail_WhenNotValid_ShouldReturnFalse" classname="com.bridgeLabz.UserRegistrationTest" time="0.001"/>
  <testcase name="givenMobileNumber_WhenNotValid_ShouldReturnFalse" classname="com.bridgeLabz.UserRegistrationTest" time="0.0"/>
  <testcase name="givenMobileNumber_WhenValid_ShouldReturnTrue" classname="com.bridgeLabz.UserRegistrationTest" time="0.0"/>
  <testcase name="givenFirstName_WhenValid_ShouldReturnTrue" classname="com.bridgeLabz.UserRegistrationTest" time="0.0"/>
  <testcase name="givenPassword_WhenValid_ShouldReturnTrue" classname="com.bridgeLabz.UserRegistrationTest" time="0.001"/>
  <testcase name="givenEmail_WhenValid_ShouldReturnTrue" classname="com.bridgeLabz.UserRegistrationTest" time="0.0"/>
  <testcase name="givenLastName_WhenNotValid_ShouldReturnFalse" classname="com.bridgeLabz.UserRegistrationTest" time="0.001"/>
  <system-out><![CDATA[]]></system-out>
  <system-err><![CDATA[]]></system-err>
</testsuite>
